<?xml version="1.0" encoding="UTF-8"?>
<!-- Generated by org.testng.reporters.JUnitXMLReporter -->
<testsuite ignored="0" hostname="DESKTOP-TC0G5CJ" failures="0" tests="9" name="Default test" time="2.87" errors="0" timestamp="2024-12-21T21:59:08 IST">
  <testcase classname="com.tiptop_Assignment.Test.FormTests" name="testDisabledInput" time="0.062"/>
  <testcase classname="com.tiptop_Assignment.Test.FormTests" name="testDropdownElements1" time="0.042"/>
  <testcase classname="com.tiptop_Assignment.Test.FormTests" name="testDropdownElements2" time="0.027"/>
  <testcase classname="com.tiptop_Assignment.Test.FormTests" name="testReadonlyInput1" time="0.038"/>
  <testcase classname="com.tiptop_Assignment.Test.FormTests" name="testReadonlyInput2" time="0.031"/>
  <testcase classname="com.tiptop_Assignment.Test.FormTests" name="testSubmitDisabledNoData" time="0.091"/>
  <testcase classname="com.tiptop_Assignment.Test.FormTests" name="testSubmitEnabledWithData" time="0.318"/>
  <testcase classname="com.tiptop_Assignment.Test.FormTests" name="testSubmitShowsReceivedText" time="0.211"/>
  <testcase classname="com.tiptop_Assignment.Test.FormTests" name="testUrlContainsFormData" time="0.01"/>
</testsuite> <!-- Default test -->
